<?xml version="1.0" encoding="utf-8" standalone="no"?>
<!--This file represents the results of running a test suite-->
<test-results name="D:\Repositories\olympus\DedicatedThreadPool\src\tests\Helios.DedicatedThreadPool.Tests\bin\Release\Helios.DedicatedThreadPool.Tests.dll" total="5" errors="0" failures="0" not-run="0" inconclusive="0" ignored="0" skipped="0" invalid="0" date="2015-03-17" time="18:45:31">
  <environment nunit-version="2.6.1.12217" clr-version="2.0.50727.8009" os-version="Microsoft Windows NT 6.2.9200.0" platform="Win32NT" cwd="D:\Repositories\olympus\DedicatedThreadPool" machine-name="AARON-BFG9000" user="Aaron" user-domain="AARON-BFG9000" />
  <culture-info current-culture="en-US" current-uiculture="en-US" />
  <test-suite type="Assembly" name="D:\Repositories\olympus\DedicatedThreadPool\src\tests\Helios.DedicatedThreadPool.Tests\bin\Release\Helios.DedicatedThreadPool.Tests.dll" executed="True" result="Success" success="True" time="2.143" asserts="0">
    <results>
      <test-suite type="Namespace" name="Helios" executed="True" result="Success" success="True" time="2.125" asserts="0">
        <results>
          <test-suite type="Namespace" name="Concurrency" executed="True" result="Success" success="True" time="2.122" asserts="0">
            <results>
              <test-suite type="Namespace" name="Tests" executed="True" result="Success" success="True" time="2.121" asserts="0">
                <results>
                  <test-suite type="TestFixture" name="DedicatedThreadPoolTaskSchedulerTests" executed="True" result="Success" success="True" time="0.101" asserts="0">
                    <results>
                      <test-case name="Helios.Concurrency.Tests.DedicatedThreadPoolTaskSchedulerTests.Should_only_use_one_thread_for_single_task_request" description="Shouldn't immediately try to schedule all threads for task execution" executed="True" result="Success" success="True" time="0.069" asserts="1" />
                      <test-case name="Helios.Concurrency.Tests.DedicatedThreadPoolTaskSchedulerTests.Should_use_all_threads_for_many_tasks" description="Should be able to utilize the entire DedicatedThreadPool for queuing tasks" executed="True" result="Success" success="True" time="0.012" asserts="1" />
                    </results>
                  </test-suite>
                  <test-suite type="TestFixture" name="DedicatedThreadPoolTests" executed="True" result="Success" success="True" time="2.015" asserts="0">
                    <results>
                      <test-case name="Helios.Concurrency.Tests.DedicatedThreadPoolTests.Should_process_multithreaded_workload" description="Simple test to ensure that the entire thread pool doesn't just crater" executed="True" result="Success" success="True" time="0.007" asserts="0">
                        <reason>
                          <message><![CDATA[Passed! Final counter value: 1000 / Expected 1000]]></message>
                        </reason>
                      </test-case>
                      <test-case name="Helios.Concurrency.Tests.DedicatedThreadPoolTests.Should_process_workload_across_exactly_DedicatedThreadPoolSettings_NumThreads" description="Ensure that the number of threads running in the pool concurrently equal exactly the DedicatedThreadPoolSettings.NumThreads property" executed="True" result="Success" success="True" time="1.000" asserts="1" />
                      <test-case name="Helios.Concurrency.Tests.DedicatedThreadPoolTests.World_should_not_end_if_exception_thrown_in_user_callback" description="Have a user-defined method that throws an exception? The world should not end." executed="True" result="Success" success="True" time="1.004" asserts="1" />
                    </results>
                  </test-suite>
                </results>
              </test-suite>
            </results>
          </test-suite>
        </results>
      </test-suite>
    </results>
  </test-suite>
</test-results>